<?xml version="1.0" encoding="UTF-8"?>
<testsuite xmlns:xsi="http://www.w3.org/2001/XMLSchema-instance" xsi:noNamespaceSchemaLocation="https://maven.apache.org/surefire/maven-surefire-plugin/xsd/surefire-test-report-3.0.xsd" version="3.0" name="io.cucumber.skeleton.RunCucumberTest" time="8.756" tests="4" errors="1" skipped="0" failures="1">
  <properties>
[...]
</properties>
  <testcase name="Tests a page using Selenium WebDriver - My website can be browsed" classname="Tests a page using Selenium WebDriver" time="1.858">
    <failure type="org.opentest4j.AssertionFailedError"><![CDATA[org.opentest4j.AssertionFailedError: expected: <true> but was: <false>
]]></failure>
    <system-out><![CDATA[
Scenario: My website can be browsed   &amp#27;[90m# io/cucumber/skeleton/copy_myweb.feature:6&amp#27;[0m
  &amp#27;[32mWhen &amp#27;[0m&amp#27;[32mI go to the home page&amp#27;[0m          &amp#27;[90m# io.cucumber.skeleton.WebStepDefinitions.iGoToTheHomePage()&amp#27;[0m
  &amp#27;[31mThen &amp#27;[0m&amp#27;[31mI should see a &amp#27;[0m&amp#27;[31m&amp#27;[1m"Oubiti"&amp#27;[0m&amp#27;[31m button&amp#27;[0m &amp#27;[90m# io.cucumber.skeleton.WebStepDefinitions.iShouldSeeAButton(java.lang.String)&amp#27;[0m
      &amp#27;[31morg.opentest4j.AssertionFailedError: expected: <true> but was: <false>
	at org.junit.jupiter.api.AssertionUtils.fail(AssertionUtils.java:55)
	at org.junit.jupiter.api.AssertTrue.assertTrue(AssertTrue.java:40)
	at org.junit.jupiter.api.AssertTrue.assertTrue(AssertTrue.java:35)
	at org.junit.jupiter.api.Assertions.assertTrue(Assertions.java:179)
	at io.cucumber.skeleton.WebStepDefinitions.iShouldSeeAButton(WebStepDefinitions.java:46)
	at âœ½.I should see a "Oubiti" button(classpath:io/cucumber/skeleton/copy_myweb.feature:8)
&amp#27;[0m
]]></system-out>
    <system-err><![CDATA[SLF4J: Failed to load class "org.slf4j.impl.StaticLoggerBinder".
SLF4J: Defaulting to no-operation (NOP) logger implementation
SLF4J: See http://www.slf4j.org/codes.html#StaticLoggerBinder for further details.
Starting ChromeDriver 96.0.4664.45 (76e4c1bb2ab4671b8beba3444e61c0f17584b2fc-refs/branch-heads/4664@{#947}) on port 61021
Only local connections are allowed.
Please see https://chromedriver.chromium.org/security-considerations for suggestions on keeping ChromeDriver safe.
ChromeDriver was started successfully.
dic 12, 2021 9:35:45 P. M. org.openqa.selenium.remote.ProtocolHandshake createSession
INFO: Detected dialect: W3C
dic 12, 2021 9:35:45 P. M. org.openqa.selenium.devtools.CdpVersionFinder findNearestMatch
WARNING: Unable to find an exact match for CDP version 96, so returning the closest version found: 95
dic 12, 2021 9:35:45 P. M. org.openqa.selenium.devtools.CdpVersionFinder findNearestMatch
INFO: Found CDP implementation for version 96 of 95
]]></system-err>
  </testcase>
  <testcase name="Tests a page using Selenium WebDriver - My website can be browsed" classname="Tests a page using Selenium WebDriver" time="0.404">
    <system-out><![CDATA[
Scenario: My website can be browsed       &amp#27;[90m# io/cucumber/skeleton/myweb.feature:6&amp#27;[0m
  &amp#27;[32mWhen &amp#27;[0m&amp#27;[32mI go to the home page&amp#27;[0m              &amp#27;[90m# io.cucumber.skeleton.WebStepDefinitions.iGoToTheHomePage()&amp#27;[0m
  &amp#27;[32mThen &amp#27;[0m&amp#27;[32mI should see a &amp#27;[0m&amp#27;[32m&amp#27;[1m"Your Store"&amp#27;[0m&amp#27;[32m button&amp#27;[0m &amp#27;[90m# io.cucumber.skeleton.WebStepDefinitions.iShouldSeeAButton(java.lang.String)&amp#27;[0m
]]></system-out>
  </testcase>
  <testcase name="Tests a page using Selenium WebDriver - My website has a &quot;About Me&quot; section" classname="Tests a page using Selenium WebDriver" time="0.453">
    <error type="org.openqa.selenium.NoSuchElementException"><![CDATA[org.openqa.selenium.NoSuchElementException: 
no such element: Unable to locate element: {"method":"link text","selector":"Oubiti"}
  (Session info: chrome=96.0.4664.93)
For documentation on this error, please visit: https://selenium.dev/exceptions/#no_such_element
Build info: version: '4.0.0', revision: '3a21814679'
System info: host: 'PREDATOR', ip: '192.168.56.1', os.name: 'Windows 10', os.arch: 'amd64', os.version: '10.0', java.version: '17'
Driver info: org.openqa.selenium.chrome.ChromeDriver
Command: [32fb7762d756f9f50aa1f9e7e6713281, findElement {using=link text, value=Oubiti}]
Capabilities {acceptInsecureCerts: false, browserName: chrome, browserVersion: 96.0.4664.93, chrome: {chromedriverVersion: 96.0.4664.45 (76e4c1bb2ab46..., userDataDir: C:\Users\victe\AppData\Loca...}, goog:chromeOptions: {debuggerAddress: localhost:55337}, javascriptEnabled: true, networkConnectionEnabled: false, pageLoadStrategy: normal, platform: WINDOWS, platformName: WINDOWS, proxy: Proxy(), se:cdp: ws://localhost:55337/devtoo..., se:cdpVersion: 96.0.4664.93, setWindowRect: true, strictFileInteractability: false, timeouts: {implicit: 0, pageLoad: 300000, script: 30000}, unhandledPromptBehavior: dismiss and notify, webauthn:extension:credBlob: true, webauthn:extension:largeBlob: true, webauthn:virtualAuthenticators: true}
Session ID: 32fb7762d756f9f50aa1f9e7e6713281
]]></error>
    <system-out><![CDATA[
Scenario: My website has a "About Me" section      &amp#27;[90m# io/cucumber/skeleton/copy_myweb.feature:10&amp#27;[0m
  &amp#27;[32mGiven &amp#27;[0m&amp#27;[32mI go to the home page&amp#27;[0m                      &amp#27;[90m# io.cucumber.skeleton.WebStepDefinitions.iGoToTheHomePage()&amp#27;[0m
  &amp#27;[31mWhen &amp#27;[0m&amp#27;[31mI click on &amp#27;[0m&amp#27;[31m&amp#27;[1m"Oubiti"&amp#27;[0m&amp#27;[31m button&amp#27;[0m                  &amp#27;[90m# io.cucumber.skeleton.WebStepDefinitions.iClickOnButton(java.lang.String)&amp#27;[0m
      &amp#27;[31morg.openqa.selenium.NoSuchElementException: no such element: Unable to locate element: {"method":"link text","selector":"Oubiti"}
  (Session info: chrome=96.0.4664.93)
For documentation on this error, please visit: https://selenium.dev/exceptions/#no_such_element
Build info: version: '4.0.0', revision: '3a21814679'
System info: host: 'PREDATOR', ip: '192.168.56.1', os.name: 'Windows 10', os.arch: 'amd64', os.version: '10.0', java.version: '17'
Driver info: org.openqa.selenium.chrome.ChromeDriver
Command: [32fb7762d756f9f50aa1f9e7e6713281, findElement {using=link text, value=Oubiti}]
Capabilities {acceptInsecureCerts: false, browserName: chrome, browserVersion: 96.0.4664.93, chrome: {chromedriverVersion: 96.0.4664.45 (76e4c1bb2ab46..., userDataDir: C:\Users\victe\AppData\Loca...}, goog:chromeOptions: {debuggerAddress: localhost:55337}, javascriptEnabled: true, networkConnectionEnabled: false, pageLoadStrategy: normal, platform: WINDOWS, platformName: WINDOWS, proxy: Proxy(), se:cdp: ws://localhost:55337/devtoo..., se:cdpVersion: 96.0.4664.93, setWindowRect: true, strictFileInteractability: false, timeouts: {implicit: 0, pageLoad: 300000, script: 30000}, unhandledPromptBehavior: dismiss and notify, webauthn:extension:credBlob: true, webauthn:extension:largeBlob: true, webauthn:virtualAuthenticators: true}
Session ID: 32fb7762d756f9f50aa1f9e7e6713281
	at java.base/jdk.internal.reflect.NativeConstructorAccessorImpl.newInstance0(Native Method)
	at java.base/jdk.internal.reflect.NativeConstructorAccessorImpl.newInstance(NativeConstructorAccessorImpl.java:77)
	at java.base/jdk.internal.reflect.DelegatingConstructorAccessorImpl.newInstance(DelegatingConstructorAccessorImpl.java:45)
	at java.base/java.lang.reflect.Constructor.newInstanceWithCaller(Constructor.java:499)
	at java.base/java.lang.reflect.Constructor.newInstance(Constructor.java:480)
	at org.openqa.selenium.remote.codec.w3c.W3CHttpResponseCodec.createException(W3CHttpResponseCodec.java:200)
	at org.openqa.selenium.remote.codec.w3c.W3CHttpResponseCodec.decode(W3CHttpResponseCodec.java:133)
	at org.openqa.selenium.remote.codec.w3c.W3CHttpResponseCodec.decode(W3CHttpResponseCodec.java:53)
	at org.openqa.selenium.remote.HttpCommandExecutor.execute(HttpCommandExecutor.java:184)
	at org.openqa.selenium.remote.service.DriverCommandExecutor.invokeExecute(DriverCommandExecutor.java:164)
	at org.openqa.selenium.remote.service.DriverCommandExecutor.execute(DriverCommandExecutor.java:139)
	at org.openqa.selenium.remote.RemoteWebDriver.execute(RemoteWebDriver.java:559)
	at org.openqa.selenium.remote.ElementLocation$ElementFinder$2.findElement(ElementLocation.java:162)
	at org.openqa.selenium.remote.ElementLocation.findElement(ElementLocation.java:60)
	at org.openqa.selenium.remote.RemoteWebDriver.findElement(RemoteWebDriver.java:383)
	at org.openqa.selenium.remote.RemoteWebDriver.findElement(RemoteWebDriver.java:375)
	at io.cucumber.skeleton.WebStepDefinitions.iClickOnButton(WebStepDefinitions.java:51)
	at âœ½.I click on "Oubiti" button(classpath:io/cucumber/skeleton/copy_myweb.feature:12)
&amp#27;[0m
  &amp#27;[36mThen &amp#27;[0m&amp#27;[36mI should see a &amp#27;[0m&amp#27;[36m&amp#27;[1m"About Me"&amp#27;[0m&amp#27;[36m text&amp#27;[0m              &amp#27;[90m# io.cucumber.skeleton.WebStepDefinitions.iShouldSeeAButton(java.lang.String)&amp#27;[0m
  &amp#27;[36mAnd &amp#27;[0m&amp#27;[36mI take a screenshot with filename &amp#27;[0m&amp#27;[36m&amp#27;[1m"About Me"&amp#27;[0m &amp#27;[90m# io.cucumber.skeleton.WebStepDefinitions.iTakeAScreenshotWithFilename(java.lang.String)&amp#27;[0m
]]></system-out>
  </testcase>
  <testcase name="Tests a page using Selenium WebDriver - My website has a &quot;Desktops&quot; section" classname="Tests a page using Selenium WebDriver" time="1.351">
    <system-out><![CDATA[
Scenario: My website has a "Desktops" section      &amp#27;[90m# io/cucumber/skeleton/myweb.feature:10&amp#27;[0m
  &amp#27;[32mGiven &amp#27;[0m&amp#27;[32mI go to the home page&amp#27;[0m                      &amp#27;[90m# io.cucumber.skeleton.WebStepDefinitions.iGoToTheHomePage()&amp#27;[0m
  &amp#27;[32mWhen &amp#27;[0m&amp#27;[32mI click on &amp#27;[0m&amp#27;[32m&amp#27;[1m"Your Store"&amp#27;[0m&amp#27;[32m button&amp#27;[0m              &amp#27;[90m# io.cucumber.skeleton.WebStepDefinitions.iClickOnButton(java.lang.String)&amp#27;[0m
  &amp#27;[32mThen &amp#27;[0m&amp#27;[32mI should see a &amp#27;[0m&amp#27;[32m&amp#27;[1m"Desktops"&amp#27;[0m&amp#27;[32m text&amp#27;[0m              &amp#27;[90m# io.cucumber.skeleton.WebStepDefinitions.iShouldSeeAButton(java.lang.String)&amp#27;[0m

    Embedding filename [image/png 210859 bytes]

  &amp#27;[32mAnd &amp#27;[0m&amp#27;[32mI take a screenshot with filename &amp#27;[0m&amp#27;[32m&amp#27;[1m"Desktops"&amp#27;[0m &amp#27;[90m# io.cucumber.skeleton.WebStepDefinitions.iTakeAScreenshotWithFilename(java.lang.String)&amp#27;[0m
]]></system-out>
  </testcase>
</testsuite>